Release 14.7 - xst P.20131013 (lin64)
Copyright (c) 1995-2013 Xilinx, Inc.  All rights reserved.
--> 
Parameter TMPDIR set to xst/projnav.tmp


Total REAL time to Xst completion: 1.00 secs
Total CPU time to Xst completion: 0.04 secs
 
--> 
Parameter xsthdpdir set to xst


Total REAL time to Xst completion: 1.00 secs
Total CPU time to Xst completion: 0.04 secs
 
--> 
Reading design: mux4x4.prj

TABLE OF CONTENTS
  1) Synthesis Options Summary
  2) HDL Parsing
  3) HDL Elaboration
  4) HDL Synthesis
       4.1) HDL Synthesis Report
  5) Advanced HDL Synthesis
       5.1) Advanced HDL Synthesis Report
  6) Low Level Synthesis
  7) Partition Report
  8) Design Summary
       8.1) Primitive and Black Box Usage
       8.2) Device utilization summary
       8.3) Partition Resource Summary
       8.4) Timing Report
            8.4.1) Clock Information
            8.4.2) Asynchronous Control Signals Information
            8.4.3) Timing Summary
            8.4.4) Timing Details
            8.4.5) Cross Clock Domains Report


=========================================================================
*                      Synthesis Options Summary                        *
=========================================================================
---- Source Parameters
Input File Name                    : "mux4x4.prj"
Ignore Synthesis Constraint File   : NO

---- Target Parameters
Output File Name                   : "mux4x4"
Output Format                      : NGC
Target Device                      : xc7a100t-3-csg324

---- Source Options
Top Module Name                    : mux4x4
Automatic FSM Extraction           : YES
FSM Encoding Algorithm             : Auto
Safe Implementation                : No
FSM Style                          : LUT
RAM Extraction                     : Yes
RAM Style                          : Auto
ROM Extraction                     : Yes
Shift Register Extraction          : YES
ROM Style                          : Auto
Resource Sharing                   : YES
Asynchronous To Synchronous        : NO
Shift Register Minimum Size        : 2
Use DSP Block                      : Auto
Automatic Register Balancing       : No

---- Target Options
LUT Combining                      : Auto
Reduce Control Sets                : Auto
Add IO Buffers                     : YES
Global Maximum Fanout              : 100000
Add Generic Clock Buffer(BUFG)     : 32
Register Duplication               : YES
Optimize Instantiated Primitives   : NO
Use Clock Enable                   : Auto
Use Synchronous Set                : Auto
Use Synchronous Reset              : Auto
Pack IO Registers into IOBs        : Auto
Equivalent register Removal        : YES

---- General Options
Optimization Goal                  : Speed
Optimization Effort                : 1
Power Reduction                    : NO
Keep Hierarchy                     : No
Netlist Hierarchy                  : As_Optimized
RTL Output                         : Yes
Global Optimization                : AllClockNets
Read Cores                         : YES
Write Timing Constraints           : NO
Cross Clock Analysis               : NO
Hierarchy Separator                : /
Bus Delimiter                      : <>
Case Specifier                     : Maintain
Slice Utilization Ratio            : 100
BRAM Utilization Ratio             : 100
DSP48 Utilization Ratio            : 100
Auto BRAM Packing                  : NO
Slice Utilization Ratio Delta      : 5

=========================================================================


=========================================================================
*                          HDL Parsing                                  *
=========================================================================
Analyzing Verilog file "/home/zeeshan/Desktop/MTP/Projects/ArithmeticUnits/boothBrick2x2.v" into library work
Parsing module <mux2x1>.
Parsing module <boothBrick2x2>.
Analyzing Verilog file "/home/zeeshan/Desktop/MTP/Projects/ArithmeticUnits/mux4x4.v" into library work
Parsing module <mux4x4>.

=========================================================================
*                            HDL Elaboration                            *
=========================================================================

Elaborating module <mux4x4>.

Elaborating module <mux2x1>.
WARNING:HDLCompiler:189 - "/home/zeeshan/Desktop/MTP/Projects/ArithmeticUnits/mux4x4.v" Line 37: Size mismatch in connection of port <q_1>. Formal port size is 1-bit while actual signal size is 32-bit.
WARNING:HDLCompiler:189 - "/home/zeeshan/Desktop/MTP/Projects/ArithmeticUnits/mux4x4.v" Line 41: Size mismatch in connection of port <q_1>. Formal port size is 1-bit while actual signal size is 32-bit.

=========================================================================
*                           HDL Synthesis                               *
=========================================================================

Synthesizing Unit <mux4x4>.
    Related source file is "/home/zeeshan/Desktop/MTP/Projects/ArithmeticUnits/mux4x4.v".
    Found 4-bit adder for signal <M_> created at line 33.
    Found 8-bit adder for signal <n0089> created at line 66.
    Found 8-bit adder for signal <n0092> created at line 66.
    Found 8-bit adder for signal <n0095> created at line 66.
    Found 8-bit adder for signal <n0098> created at line 66.
    Found 8-bit adder for signal <n0101> created at line 66.
    Found 8-bit adder for signal <n0104> created at line 66.
    Found 8-bit adder for signal <out> created at line 66.
    Summary:
	inferred   8 Adder/Subtractor(s).
Unit <mux4x4> synthesized.

Synthesizing Unit <mux2x1>.
    Related source file is "/home/zeeshan/Desktop/MTP/Projects/ArithmeticUnits/boothBrick2x2.v".
    Summary:
	inferred   2 Multiplexer(s).
Unit <mux2x1> synthesized.

=========================================================================
HDL Synthesis Report

Macro Statistics
# Adders/Subtractors                                   : 8
 4-bit adder                                           : 1
 8-bit adder                                           : 7
# Multiplexers                                         : 16
 2-bit 2-to-1 multiplexer                              : 16
# Xors                                                 : 8
 1-bit xor2                                            : 8

=========================================================================

=========================================================================
*                       Advanced HDL Synthesis                          *
=========================================================================


Synthesizing (advanced) Unit <mux4x4>.
	The following adders/subtractors are grouped into adder tree <Madd_out1> :
 	<Madd_n0089> in block <mux4x4>, 	<Madd_n0092> in block <mux4x4>, 	<Madd_n0095> in block <mux4x4>, 	<Madd_n0098> in block <mux4x4>, 	<Madd_n0101> in block <mux4x4>, 	<Madd_n0104> in block <mux4x4>, 	<Madd_out> in block <mux4x4>.
Unit <mux4x4> synthesized (advanced).

=========================================================================
Advanced HDL Synthesis Report

Macro Statistics
# Adders/Subtractors                                   : 1
 4-bit adder                                           : 1
# Adder Trees                                          : 1
 8-bit / 8-inputs adder tree                           : 1
# Multiplexers                                         : 16
 2-bit 2-to-1 multiplexer                              : 16
# Xors                                                 : 8
 1-bit xor2                                            : 8

=========================================================================

=========================================================================
*                         Low Level Synthesis                           *
=========================================================================

Optimizing unit <mux4x4> ...

Mapping all equations...
Building and optimizing final netlist ...
Found area constraint ratio of 100 (+ 5) on block mux4x4, actual ratio is 0.

Final Macro Processing ...

=========================================================================
Final Register Report

Found no macro
=========================================================================

=========================================================================
*                           Partition Report                            *
=========================================================================

Partition Implementation Status
-------------------------------

  No Partitions were found in this design.

-------------------------------

=========================================================================
*                            Design Summary                             *
=========================================================================

Top Level Output File Name         : mux4x4.ngc

Primitive and Black Box Usage:
------------------------------
# BELS                             : 52
#      GND                         : 1
#      LUT2                        : 3
#      LUT3                        : 5
#      LUT4                        : 6
#      LUT5                        : 11
#      LUT6                        : 14
#      MUXCY                       : 5
#      MUXF7                       : 1
#      XORCY                       : 6
# IO Buffers                       : 144
#      IBUF                        : 8
#      OBUF                        : 136

Device utilization summary:
---------------------------

Selected Device : 7a100tcsg324-3 


Slice Logic Utilization: 
 Number of Slice LUTs:                   39  out of  63400     0%  
    Number used as Logic:                39  out of  63400     0%  

Slice Logic Distribution: 
 Number of LUT Flip Flop pairs used:     39
   Number with an unused Flip Flop:      39  out of     39   100%  
   Number with an unused LUT:             0  out of     39     0%  
   Number of fully used LUT-FF pairs:     0  out of     39     0%  
   Number of unique control sets:         0

IO Utilization: 
 Number of IOs:                         144
 Number of bonded IOBs:                 144  out of    210    68%  

Specific Feature Utilization:

---------------------------
Partition Resource Summary:
---------------------------

  No Partitions were found in this design.

---------------------------


=========================================================================
Timing Report

NOTE: THESE TIMING NUMBERS ARE ONLY A SYNTHESIS ESTIMATE.
      FOR ACCURATE TIMING INFORMATION PLEASE REFER TO THE TRACE REPORT
      GENERATED AFTER PLACE-and-ROUTE.

Clock Information:
------------------
No clock signals found in this design

Asynchronous Control Signals Information:
----------------------------------------
No asynchronous control signals found in this design

Timing Summary:
---------------
Speed Grade: -3

   Minimum period: No path found
   Minimum input arrival time before clock: No path found
   Maximum output required time after clock: No path found
   Maximum combinational path delay: 4.542ns

Timing Details:
---------------
All values displayed in nanoseconds (ns)

=========================================================================
Timing constraint: Default path analysis
  Total number of paths / destination ports: 1526 / 50
-------------------------------------------------------------------------
Delay:               4.542ns (Levels of Logic = 9)
  Source:            Q<1> (PAD)
  Destination:       out<7> (PAD)

  Data Path: Q<1> to out<7>
                                Gate     Net
    Cell:in->out      fanout   Delay   Delay  Logical Name (Net Name)
    ----------------------------------------  ------------
     IBUF:I->O            14   0.001   0.743  Q_1_IBUF (Q_1_IBUF)
     LUT6:I1->O           10   0.097   0.735  f7/Mmux_res21 (eout7_5_OBUF)
     LUT6:I0->O            6   0.097   0.716  ADDERTREE_INTERNAL_Madd4_lut<3>1 (ADDERTREE_INTERNAL_Madd4_lut<3>)
     LUT6:I0->O            2   0.097   0.561  ADDERTREE_INTERNAL_Madd5_lut<0>51 (ADDERTREE_INTERNAL_Madd5_lut<0>5)
     LUT6:I2->O            2   0.097   0.299  ADDERTREE_INTERNAL_Madd5_cy<0>61 (ADDERTREE_INTERNAL_Madd5_cy<0>5)
     LUT2:I1->O            1   0.097   0.000  ADDERTREE_INTERNAL_Madd5_xor<0>71 (ADDERTREE_INTERNAL_Madd6_lut<6>)
     MUXCY:S->O            0   0.353   0.000  ADDERTREE_INTERNAL_Madd6_cy<6> (ADDERTREE_INTERNAL_Madd6_cy<6>)
     XORCY:CI->O           1   0.370   0.279  ADDERTREE_INTERNAL_Madd6_xor<7> (out_7_OBUF)
     OBUF:I->O                 0.000          out_7_OBUF (out<7>)
    ----------------------------------------
    Total                      4.542ns (1.209ns logic, 3.333ns route)
                                       (26.6% logic, 73.4% route)

=========================================================================

Cross Clock Domains Report:
--------------------------

=========================================================================


Total REAL time to Xst completion: 6.00 secs
Total CPU time to Xst completion: 5.62 secs
 
--> 


Total memory usage is 498168 kilobytes

Number of errors   :    0 (   0 filtered)
Number of warnings :    2 (   0 filtered)
Number of infos    :    0 (   0 filtered)

